<?xml version="1.0" encoding="UTF-8"?>
<!-- Generated by org.testng.reporters.JUnitXMLReporter -->
<testsuite ignored="0" hostname="DESKTOP-ES5V47B" failures="3" tests="5" name="All Functional Test Cases" time="18.328" errors="0" timestamp="2026-02-18T18:55:44 IST">
  <testcase classname="testCases.HomePageTest" name="captureSparkleCartLogo" time="0.027">
    <failure type="java.lang.Error" message="Unresolved compilation problem: 
	The field BaseClass.driver is not visible
">
      <![CDATA[java.lang.Error: Unresolved compilation problem: 
The field BaseClass.driver is not visible

at testCases.HomePageTest.captureSparkleCartLogo(HomePageTest.java:18)
at java.base/java.util.ArrayList.forEach(ArrayList.java:1596)
... Removed 25 stack frames]]>
    </failure>
  </testcase> <!-- captureSparkleCartLogo -->
  <testcase classname="testCases.HomePageTest" name="verifyLogoIsDisplayed" time="0.008">
    <failure type="java.lang.NullPointerException" message="Cannot invoke &amp;quot;pageObjects.HomePage.isLogoDisplayed()&amp;quot; because &amp;quot;this.homePage&amp;quot; is null">
      <![CDATA[java.lang.NullPointerException: Cannot invoke "pageObjects.HomePage.isLogoDisplayed()" because "this.homePage" is null
at testCases.HomePageTest.verifyLogoIsDisplayed(HomePageTest.java:29)
at java.base/java.util.ArrayList.forEach(ArrayList.java:1596)
... Removed 25 stack frames]]>
    </failure>
  </testcase> <!-- verifyLogoIsDisplayed -->
  <testcase classname="testCases.HomePageTest" name="verifyFAQsNavigation" time="0.003">
    <failure type="java.lang.Error" message="Unresolved compilation problem: 
	The field BaseClass.driver is not visible
">
      <![CDATA[java.lang.Error: Unresolved compilation problem: 
The field BaseClass.driver is not visible

at testCases.HomePageTest.verifyFAQsNavigation(HomePageTest.java:42)
at java.base/java.util.ArrayList.forEach(ArrayList.java:1596)
... Removed 25 stack frames]]>
    </failure>
  </testcase> <!-- verifyFAQsNavigation -->
  <testcase classname="testCases.ContactPageTest" name="verifySendButtonIsDisplayed" time="0.082"/>
  <testcase classname="testCases.ContactPageTest" name="submitContactForm" time="1.159"/>
</testsuite> <!-- All Functional Test Cases -->
