<?xml version="1.0" encoding="UTF-8"?>
<!-- Generated by org.testng.reporters.JUnitReportReporter -->
<testsuite hostname="DESKTOP-ES5V47B" failures="0" tests="2" name="testCases.ContactPageTest" time="1.757" errors="0" timestamp="2026-02-18T18:43:07 IST" skipped="0">
  <testcase classname="testCases.ContactPageTest" name="verifySendButtonIsDisplayed" time="0.127"/>
  <testcase classname="testCases.ContactPageTest" name="submitContactForm" time="1.630"/>
</testsuite> <!-- testCases.ContactPageTest -->
